# JRE version: Java(TM) SE Runtime Environment (7.0_71-b14) (build 1.7.0_71-b14)
# Java VM: Java HotSpot(TM) 64-Bit Server VM (24.71-b01 mixed mode bsd-amd64 compressed oops)
Heap
 PSYoungGen      total 57856K, used 56587K [0x00000007eaa80000, 0x00000007eea00000, 0x0000000800000000)
  eden space 55808K, 98% used [0x00000007eaa80000,0x00000007ee03ec80,0x00000007ee100000)
  from space 2048K, 75% used [0x00000007ee280000,0x00000007ee404010,0x00000007ee480000)
  to   space 4608K, 0% used [0x00000007ee580000,0x00000007ee580000,0x00000007eea00000)
 ParOldGen       total 87040K, used 18698K [0x00000007c0000000, 0x00000007c5500000, 0x00000007eaa80000)
  object space 87040K, 21% used [0x00000007c0000000,0x00000007c1242ad0,0x00000007c5500000)
 PSPermGen       total 58368K, used 30873K [0x00000007b0000000, 0x00000007b3900000, 0x00000007c0000000)
  object space 58368K, 52% used [0x00000007b0000000,0x00000007b1e264c8,0x00000007b3900000)
GC Heap History (10 events):
Event: 671.703 GC heap before
{Heap before GC invocations=37 (full 4):
 PSYoungGen      total 44544K, used 608K [0x00000007eaa80000, 0x00000007ee000000, 0x0000000800000000)
  eden space 43520K, 0% used [0x00000007eaa80000,0x00000007eaa80000,0x00000007ed500000)
  from space 1024K, 59% used [0x00000007ed500000,0x00000007ed598000,0x00000007ed600000)
  to   space 5632K, 0% used [0x00000007eda80000,0x00000007eda80000,0x00000007ee000000)
 ParOldGen       total 87040K, used 20711K [0x00000007c0000000, 0x00000007c5500000, 0x00000007eaa80000)
  object space 87040K, 23% used [0x00000007c0000000,0x00000007c1439d78,0x00000007c5500000)
 PSPermGen       total 58880K, used 30593K [0x00000007b0000000, 0x00000007b3980000, 0x00000007c0000000)
  object space 58880K, 51% used [0x00000007b0000000,0x00000007b1de07f8,0x00000007b3980000)
Event: 672.221 GC heap after
Heap after GC invocations=37 (full 4):
 PSYoungGen      total 44544K, used 0K [0x00000007eaa80000, 0x00000007ee000000, 0x0000000800000000)
  eden space 43520K, 0% used [0x00000007eaa80000,0x00000007eaa80000,0x00000007ed500000)
  from space 1024K, 0% used [0x00000007ed500000,0x00000007ed500000,0x00000007ed600000)
  to   space 5632K, 0% used [0x00000007eda80000,0x00000007eda80000,0x00000007ee000000)
 ParOldGen       total 87040K, used 15550K [0x00000007c0000000, 0x00000007c5500000, 0x00000007eaa80000)
  object space 87040K, 17% used [0x00000007c0000000,0x00000007c0f2fa50,0x00000007c5500000)
 PSPermGen       total 58368K, used 30555K [0x00000007b0000000, 0x00000007b3900000, 0x00000007c0000000)
  object space 58368K, 52% used [0x00000007b0000000,0x00000007b1dd6cc8,0x00000007b3900000)
}
Event: 722.684 GC heap before
{Heap before GC invocations=38 (full 4):
 PSYoungGen      total 44544K, used 43520K [0x00000007eaa80000, 0x00000007ee000000, 0x0000000800000000)
  eden space 43520K, 100% used [0x00000007eaa80000,0x00000007ed500000,0x00000007ed500000)
  from space 1024K, 0% used [0x00000007ed500000,0x00000007ed500000,0x00000007ed600000)
  to   space 5632K, 0% used [0x00000007eda80000,0x00000007eda80000,0x00000007ee000000)
 ParOldGen       total 87040K, used 15550K [0x00000007c0000000, 0x00000007c5500000, 0x00000007eaa80000)
  object space 87040K, 17% used [0x00000007c0000000,0x00000007c0f2fa50,0x00000007c5500000)
 PSPermGen       total 58368K, used 30597K [0x00000007b0000000, 0x00000007b3900000, 0x00000007c0000000)
  object space 58368K, 52% used [0x00000007b0000000,0x00000007b1de15d8,0x00000007b3900000)
Event: 722.697 GC heap after
Heap after GC invocations=38 (full 4):
 PSYoungGen      total 49664K, used 1136K [0x00000007eaa80000, 0x00000007eec00000, 0x0000000800000000)
  eden space 44032K, 0% used [0x00000007eaa80000,0x00000007eaa80000,0x00000007ed580000)
  from space 5632K, 20% used [0x00000007eda80000,0x00000007edb9c010,0x00000007ee000000)
  to   space 5120K, 0% used [0x00000007ed580000,0x00000007ed580000,0x00000007eda80000)
 ParOldGen       total 87040K, used 15550K [0x00000007c0000000, 0x00000007c5500000, 0x00000007eaa80000)
  object space 87040K, 17% used [0x00000007c0000000,0x00000007c0f2fa50,0x00000007c5500000)
 PSPermGen       total 58368K, used 30597K [0x00000007b0000000, 0x00000007b3900000, 0x00000007c0000000)
  object space 58368K, 52% used [0x00000007b0000000,0x00000007b1de15d8,0x00000007b3900000)
}
Event: 723.505 GC heap before
{Heap before GC invocations=39 (full 4):
 PSYoungGen      total 49664K, used 45168K [0x00000007eaa80000, 0x00000007eec00000, 0x0000000800000000)
  eden space 44032K, 100% used [0x00000007eaa80000,0x00000007ed580000,0x00000007ed580000)
  from space 5632K, 20% used [0x00000007eda80000,0x00000007edb9c010,0x00000007ee000000)
  to   space 5120K, 0% used [0x00000007ed580000,0x00000007ed580000,0x00000007eda80000)
 ParOldGen       total 87040K, used 15550K [0x00000007c0000000, 0x00000007c5500000, 0x00000007eaa80000)
  object space 87040K, 17% used [0x00000007c0000000,0x00000007c0f2fa50,0x00000007c5500000)
 PSPermGen       total 58368K, used 30600K [0x00000007b0000000, 0x00000007b3900000, 0x00000007c0000000)
  object space 58368K, 52% used [0x00000007b0000000,0x00000007b1de2040,0x00000007b3900000)
Event: 723.515 GC heap after
Heap after GC invocations=39 (full 4):
 PSYoungGen      total 49152K, used 1408K [0x00000007eaa80000, 0x00000007eec80000, 0x0000000800000000)
  eden space 44032K, 0% used [0x00000007eaa80000,0x00000007eaa80000,0x00000007ed580000)
  from space 5120K, 27% used [0x00000007ed580000,0x00000007ed6e0010,0x00000007eda80000)
  to   space 5120K, 0% used [0x00000007ee780000,0x00000007ee780000,0x00000007eec80000)
 ParOldGen       total 87040K, used 16586K [0x00000007c0000000, 0x00000007c5500000, 0x00000007eaa80000)
  object space 87040K, 19% used [0x00000007c0000000,0x00000007c1032aa0,0x00000007c5500000)
 PSPermGen       total 58368K, used 30600K [0x00000007b0000000, 0x00000007b3900000, 0x00000007c0000000)
  object space 58368K, 52% used [0x00000007b0000000,0x00000007b1de2040,0x00000007b3900000)
}
Event: 725.129 GC heap before
{Heap before GC invocations=40 (full 4):
 PSYoungGen      total 49152K, used 45440K [0x00000007eaa80000, 0x00000007eec80000, 0x0000000800000000)
  eden space 44032K, 100% used [0x00000007eaa80000,0x00000007ed580000,0x00000007ed580000)
  from space 5120K, 27% used [0x00000007ed580000,0x00000007ed6e0010,0x00000007eda80000)
  to   space 5120K, 0% used [0x00000007ee780000,0x00000007ee780000,0x00000007eec80000)
 ParOldGen       total 87040K, used 16586K [0x00000007c0000000, 0x00000007c5500000, 0x00000007eaa80000)
  object space 87040K, 19% used [0x00000007c0000000,0x00000007c1032aa0,0x00000007c5500000)
 PSPermGen       total 58368K, used 30681K [0x00000007b0000000, 0x00000007b3900000, 0x00000007c0000000)
  object space 58368K, 52% used [0x00000007b0000000,0x00000007b1df6740,0x00000007b3900000)
Event: 725.147 GC heap after
Heap after GC invocations=40 (full 4):
 PSYoungGen      total 61440K, used 1696K [0x00000007eaa80000, 0x00000007eeb80000, 0x0000000800000000)
  eden space 57344K, 0% used [0x00000007eaa80000,0x00000007eaa80000,0x00000007ee280000)
  from space 4096K, 41% used [0x00000007ee780000,0x00000007ee928000,0x00000007eeb80000)
  to   space 4608K, 0% used [0x00000007ee280000,0x00000007ee280000,0x00000007ee700000)
 ParOldGen       total 87040K, used 17994K [0x00000007c0000000, 0x00000007c5500000, 0x00000007eaa80000)
  object space 87040K, 20% used [0x00000007c0000000,0x00000007c1192ab0,0x00000007c5500000)
 PSPermGen       total 58368K, used 30681K [0x00000007b0000000, 0x00000007b3900000, 0x00000007c0000000)
  object space 58368K, 52% used [0x00000007b0000000,0x00000007b1df6740,0x00000007b3900000)
}
Event: 6004.531 GC heap before
{Heap before GC invocations=41 (full 4):
 PSYoungGen      total 61440K, used 59040K [0x00000007eaa80000, 0x00000007eeb80000, 0x0000000800000000)
  eden space 57344K, 100% used [0x00000007eaa80000,0x00000007ee280000,0x00000007ee280000)
  from space 4096K, 41% used [0x00000007ee780000,0x00000007ee928000,0x00000007eeb80000)
  to   space 4608K, 0% used [0x00000007ee280000,0x00000007ee280000,0x00000007ee700000)
 ParOldGen       total 87040K, used 17994K [0x00000007c0000000, 0x00000007c5500000, 0x00000007eaa80000)
  object space 87040K, 20% used [0x00000007c0000000,0x00000007c1192ab0,0x00000007c5500000)
 PSPermGen       total 58368K, used 30831K [0x00000007b0000000, 0x00000007b3900000, 0x00000007c0000000)
  object space 58368K, 52% used [0x00000007b0000000,0x00000007b1e1bfb0,0x00000007b3900000)
Event: 6004.562 GC heap after
Heap after GC invocations=41 (full 4):
 PSYoungGen      total 57856K, used 1552K [0x00000007eaa80000, 0x00000007eea00000, 0x0000000800000000)
  eden space 55808K, 0% used [0x00000007eaa80000,0x00000007eaa80000,0x00000007ee100000)
  from space 2048K, 75% used [0x00000007ee280000,0x00000007ee404010,0x00000007ee480000)
  to   space 4608K, 0% used [0x00000007ee580000,0x00000007ee580000,0x00000007eea00000)
 ParOldGen       total 87040K, used 18698K [0x00000007c0000000, 0x00000007c5500000, 0x00000007eaa80000)
  object space 87040K, 21% used [0x00000007c0000000,0x00000007c1242ad0,0x00000007c5500000)
 PSPermGen       total 58368K, used 30831K [0x00000007b0000000, 0x00000007b3900000, 0x00000007c0000000)
  object space 58368K, 52% used [0x00000007b0000000,0x00000007b1e1bfb0,0x00000007b3900000)
}

